Arguments: 
  /Users/stevenkovar/.nvm/versions/node/v14.17.0/bin/node /usr/local/Cellar/yarn/1.22.15/libexec/bin/yarn.js add grunt --dev

PATH: 
  /Users/stevenkovar/.nvm/versions/node/v14.17.0/bin:/Users/stevenkovar/.nvm/versions/node/v15.13.0/bin:/Applications/MAMP/bin/php/php7.4.2/bin:/usr/local/bin:/usr/bin:/bin:/usr/sbin:/sbin:/usr/local/share/dotnet:~/.dotnet/tools:/Library/Frameworks/Mono.framework/Versions/Current/Commands:/Users/stevenkovar/.nvm/versions/node/v15.13.0/bin:/Applications/MAMP/bin/php/php7.4.2/bin

Yarn version: 
  1.22.15

Node version: 
  14.17.0

Platform: 
  darwin x64

Trace: 
  SyntaxError: /Users/stevenkovar/Documents/dev/ToddStickney/package.json: Unexpected end of JSON input
      at JSON.parse (<anonymous>)
      at /usr/local/Cellar/yarn/1.22.15/libexec/lib/cli.js:1625:59
      at Generator.next (<anonymous>)
      at step (/usr/local/Cellar/yarn/1.22.15/libexec/lib/cli.js:310:30)
      at /usr/local/Cellar/yarn/1.22.15/libexec/lib/cli.js:321:13

npm manifest: 
  

yarn manifest: 
  No manifest

Lockfile: 
  No lockfile
